<?xml version="1.0" encoding="UTF-8"?>
<testng-results ignored="0" total="1" passed="0" failed="1" skipped="0">
  <reporter-output>
  </reporter-output>
  <suite started-at="2024-10-02T19:03:45 IST" name="Default suite" finished-at="2024-10-02T19:03:59 IST" duration-ms="14132">
    <groups>
    </groups>
    <test started-at="2024-10-02T19:03:45 IST" name="Default test" finished-at="2024-10-02T19:03:59 IST" duration-ms="14132">
      <class name="ShivprasadpatilAppium.Appium.MobileBrowserTest">
        <test-method is-config="true" signature="ConfigureAppium()[pri:0, instance:ShivprasadpatilAppium.Appium.MobileBrowserTest@74e52303]" started-at="2024-10-02T19:03:45 IST" name="ConfigureAppium" finished-at="2024-10-02T19:03:59 IST" duration-ms="14041" status="PASS">
          <reporter-output>
          </reporter-output>
        </test-method> <!-- ConfigureAppium -->
        <test-method signature="BrowserTest()[pri:0, instance:ShivprasadpatilAppium.Appium.MobileBrowserTest@74e52303]" started-at="2024-10-02T19:03:59 IST" name="BrowserTest" finished-at="2024-10-02T19:03:59 IST" duration-ms="47" status="FAIL">
          <exception class="org.openqa.selenium.WebDriverException">
            <message>
              <![CDATA[An unknown server-side error occurred while processing the command. Original error: URI and package arguments are required
Build info: version: '4.25.0', revision: '8a8aea2337'
System info: os.name: 'Windows 11', os.arch: 'amd64', os.version: '10.0', java.version: '19'
Driver info: io.appium.java_client.android.AndroidDriver
Command: [05500887-3752-4492-98f0-27b60b2eac71, get {url=https://www.google.com/}]
Capabilities {appium:automationName: UIAutomator2, appium:chromedriverExecutable: C:\Users\Lenovo\Downloads\F..., appium:databaseEnabled: false, appium:desired: {automationName: UIAutomator2, browserName: Firefox, chromedriverExecutable: C:\Users\Lenovo\Downloads\F..., deviceName: ShivprasadPhone, platformName: ANDROID}, appium:deviceApiLevel: 35, appium:deviceManufacturer: Google, appium:deviceModel: sdk_gphone16k_x86_64, appium:deviceName: emulator-5554, appium:deviceScreenDensity: 560, appium:deviceScreenSize: 1440x3040, appium:deviceUDID: emulator-5554, appium:javascriptEnabled: true, appium:locationContextEnabled: false, appium:networkConnectionEnabled: true, appium:pixelRatio: 3.5, appium:platformVersion: 15, appium:statBarHeight: 98, appium:takesScreenshot: true, appium:viewportRect: {height: 2942, left: 0, top: 98, width: 1440}, appium:warnings: {}, appium:webStorageEnabled: false, browserName: Firefox, platformName: ANDROID}
Session ID: 05500887-3752-4492-98f0-27b60b2eac71]]>
            </message>
            <full-stacktrace>
              <![CDATA[org.openqa.selenium.WebDriverException: An unknown server-side error occurred while processing the command. Original error: URI and package arguments are required
Build info: version: '4.25.0', revision: '8a8aea2337'
System info: os.name: 'Windows 11', os.arch: 'amd64', os.version: '10.0', java.version: '19'
Driver info: io.appium.java_client.android.AndroidDriver
Command: [05500887-3752-4492-98f0-27b60b2eac71, get {url=https://www.google.com/}]
Capabilities {appium:automationName: UIAutomator2, appium:chromedriverExecutable: C:\Users\Lenovo\Downloads\F..., appium:databaseEnabled: false, appium:desired: {automationName: UIAutomator2, browserName: Firefox, chromedriverExecutable: C:\Users\Lenovo\Downloads\F..., deviceName: ShivprasadPhone, platformName: ANDROID}, appium:deviceApiLevel: 35, appium:deviceManufacturer: Google, appium:deviceModel: sdk_gphone16k_x86_64, appium:deviceName: emulator-5554, appium:deviceScreenDensity: 560, appium:deviceScreenSize: 1440x3040, appium:deviceUDID: emulator-5554, appium:javascriptEnabled: true, appium:locationContextEnabled: false, appium:networkConnectionEnabled: true, appium:pixelRatio: 3.5, appium:platformVersion: 15, appium:statBarHeight: 98, appium:takesScreenshot: true, appium:viewportRect: {height: 2942, left: 0, top: 98, width: 1440}, appium:warnings: {}, appium:webStorageEnabled: false, browserName: Firefox, platformName: ANDROID}
Session ID: 05500887-3752-4492-98f0-27b60b2eac71
at java.base/jdk.internal.reflect.DirectConstructorHandleAccessor.newInstance(DirectConstructorHandleAccessor.java:67)
at java.base/java.lang.reflect.Constructor.newInstanceWithCaller(Constructor.java:500)
at java.base/java.lang.reflect.Constructor.newInstance(Constructor.java:484)
at org.openqa.selenium.remote.ErrorCodec.decode(ErrorCodec.java:167)
at org.openqa.selenium.remote.codec.w3c.W3CHttpResponseCodec.decode(W3CHttpResponseCodec.java:138)
at org.openqa.selenium.remote.codec.w3c.W3CHttpResponseCodec.decode(W3CHttpResponseCodec.java:50)
at org.openqa.selenium.remote.HttpCommandExecutor.execute(HttpCommandExecutor.java:190)
at io.appium.java_client.remote.AppiumCommandExecutor.execute(AppiumCommandExecutor.java:237)
at org.openqa.selenium.remote.RemoteWebDriver.execute(RemoteWebDriver.java:545)
at org.openqa.selenium.remote.RemoteWebDriver.get(RemoteWebDriver.java:313)
at ShivprasadpatilAppium.Appium.MobileBrowserTest.BrowserTest(MobileBrowserTest.java:12)
at java.base/jdk.internal.reflect.DirectMethodHandleAccessor.invoke(DirectMethodHandleAccessor.java:104)
at java.base/java.lang.reflect.Method.invoke(Method.java:578)
at org.testng.internal.MethodInvocationHelper.invokeMethod(MethodInvocationHelper.java:133)
at org.testng.internal.TestInvoker.invokeMethod(TestInvoker.java:598)
at org.testng.internal.TestInvoker.invokeTestMethod(TestInvoker.java:173)
at org.testng.internal.MethodRunner.runInSequence(MethodRunner.java:46)
at org.testng.internal.TestInvoker$MethodInvocationAgent.invoke(TestInvoker.java:824)
at org.testng.internal.TestInvoker.invokeTestMethods(TestInvoker.java:146)
at org.testng.internal.TestMethodWorker.invokeTestMethods(TestMethodWorker.java:146)
at org.testng.internal.TestMethodWorker.run(TestMethodWorker.java:128)
at java.base/java.util.ArrayList.forEach(ArrayList.java:1511)
at org.testng.TestRunner.privateRun(TestRunner.java:794)
at org.testng.TestRunner.run(TestRunner.java:596)
at org.testng.SuiteRunner.runTest(SuiteRunner.java:377)
at org.testng.SuiteRunner.runSequentially(SuiteRunner.java:371)
at org.testng.SuiteRunner.privateRun(SuiteRunner.java:332)
at org.testng.SuiteRunner.run(SuiteRunner.java:276)
at org.testng.SuiteRunnerWorker.runSuite(SuiteRunnerWorker.java:53)
at org.testng.SuiteRunnerWorker.run(SuiteRunnerWorker.java:96)
at org.testng.TestNG.runSuitesSequentially(TestNG.java:1212)
at org.testng.TestNG.runSuitesLocally(TestNG.java:1134)
at org.testng.TestNG.runSuites(TestNG.java:1063)
at org.testng.TestNG.run(TestNG.java:1031)
at org.testng.remote.AbstractRemoteTestNG.run(AbstractRemoteTestNG.java:115)
at org.testng.remote.RemoteTestNG.initAndRun(RemoteTestNG.java:293)
at org.testng.remote.RemoteTestNG.main(RemoteTestNG.java:91)
]]>
            </full-stacktrace>
          </exception> <!-- org.openqa.selenium.WebDriverException -->
          <reporter-output>
          </reporter-output>
        </test-method> <!-- BrowserTest -->
        <test-method is-config="true" signature="tearDown()[pri:0, instance:ShivprasadpatilAppium.Appium.MobileBrowserTest@74e52303]" started-at="2024-10-02T19:03:59 IST" name="tearDown" finished-at="2024-10-02T19:03:59 IST" duration-ms="2" status="PASS">
          <reporter-output>
          </reporter-output>
        </test-method> <!-- tearDown -->
      </class> <!-- ShivprasadpatilAppium.Appium.MobileBrowserTest -->
    </test> <!-- Default test -->
  </suite> <!-- Default suite -->
</testng-results>
